<?xml version="1.0" encoding="UTF-8"?>
<testng-results ignored="0" total="1" passed="1" failed="0" skipped="0">
  <reporter-output>
  </reporter-output>
  <suite started-at="2020-06-10T01:34:05 IST" name="Default suite" finished-at="2020-06-10T01:34:38 IST" duration-ms="32192">
    <groups>
      <group name="cucumber">
        <method signature="AbstractTestNGCucumberTests.runScenario(cucumber.api.testng.PickleEventWrapper, cucumber.api.testng.CucumberFeatureWrapper)[pri:0, instance:runner.RunTestCarWale@702b8b12]" name="runScenario" class="cucumber.api.testng.AbstractTestNGCucumberTests"/>
      </group> <!-- cucumber -->
    </groups>
    <test started-at="2020-06-10T01:34:05 IST" name="Default test" finished-at="2020-06-10T01:34:38 IST" duration-ms="32192">
      <class name="runner.RunTestCarWale">
        <test-method is-config="true" signature="setUpClass()[pri:0, instance:runner.RunTestCarWale@702b8b12]" started-at="2020-06-10T01:34:05 IST" name="setUpClass" finished-at="2020-06-10T01:34:06 IST" duration-ms="166" status="PASS">
          <reporter-output>
          </reporter-output>
        </test-method> <!-- setUpClass -->
        <test-method signature="runScenario(cucumber.api.testng.PickleEventWrapper, cucumber.api.testng.CucumberFeatureWrapper)[pri:0, instance:runner.RunTestCarWale@702b8b12]" started-at="2020-06-10T01:34:06 IST" name="runScenario" description="Runs Cucumber Scenarios" data-provider="scenarios" finished-at="2020-06-10T01:34:38 IST" duration-ms="31937" status="PASS">
          <params>
            <param index="0">
              <value>
                <![CDATA["TC001_Test Wishlist feature"]]>
              </value>
            </param>
            <param index="1">
              <value>
                <![CDATA["Get details of the wishlisted car"]]>
              </value>
            </param>
          </params>
          <reporter-output>
          </reporter-output>
        </test-method> <!-- runScenario -->
        <test-method is-config="true" signature="tearDownClass()[pri:0, instance:runner.RunTestCarWale@702b8b12]" started-at="2020-06-10T01:34:38 IST" name="tearDownClass" finished-at="2020-06-10T01:34:38 IST" duration-ms="14" status="PASS">
          <reporter-output>
          </reporter-output>
        </test-method> <!-- tearDownClass -->
      </class> <!-- runner.RunTestCarWale -->
    </test> <!-- Default test -->
  </suite> <!-- Default suite -->
</testng-results>
